<?xml version="1.0" encoding="UTF-8"?>
<!-- Generated by org.testng.reporters.JUnitReportReporter -->
<testsuite hostname="DESKTOP-E81QD0I" failures="0" tests="1" name="TestCases.TC_002" time="41.081" errors="0" timestamp="2020-03-20T16:05:42 IST" skipped="0">
  <testcase classname="TestCases.TC_002" name="invalidurl" time="41.081"/>
  <system-out/>
</testsuite> <!-- TestCases.TC_002 -->
