<?xml version="1.0" encoding="UTF-8"?>
<!-- Generated by org.testng.reporters.JUnitReportReporter -->
<testsuite hostname="DESKTOP-E81QD0I" failures="0" tests="1" name="TestCases.TC_027" time="22.261" errors="0" timestamp="2020-03-23T20:00:06 IST" skipped="0">
  <testcase classname="TestCases.TC_027" name="tc26" time="22.261"/>
  <system-out/>
</testsuite> <!-- TestCases.TC_027 -->
