<?xml version="1.0" encoding="UTF-8"?>
<!-- Generated by org.testng.reporters.JUnitReportReporter -->
<testsuite hostname="DESKTOP-E81QD0I" failures="0" tests="1" name="TestCases.TC_026" time="17.987" errors="0" timestamp="2020-03-23T19:27:02 IST" skipped="0">
  <testcase classname="TestCases.TC_026" name="tc26" time="17.987"/>
  <system-out/>
</testsuite> <!-- TestCases.TC_026 -->
