<?xml version="1.0" encoding="UTF-8"?>
<!-- Generated by org.testng.reporters.JUnitReportReporter -->
<testsuite hostname="DESKTOP-E81QD0I" failures="0" tests="1" name="TestCases.TC_025" time="10.527" errors="0" timestamp="2020-03-23T19:08:53 IST" skipped="0">
  <testcase classname="TestCases.TC_025" name="tc25" time="10.527"/>
  <system-out/>
</testsuite> <!-- TestCases.TC_025 -->
