<?xml version="1.0" encoding="UTF-8"?>
<!-- Generated by org.testng.reporters.JUnitReportReporter -->
<testsuite hostname="DESKTOP-TOTD4LJ" failures="0" tests="1" name="TestCases.Logout" time="25.678" errors="0" timestamp="2020-03-17T13:13:07 IST" skipped="0">
  <testcase classname="TestCases.Logout" name="loginuser" time="25.678"/>
</testsuite> <!-- TestCases.Logout -->
