<?xml version="1.0" encoding="UTF-8"?>
<!-- Generated by org.testng.reporters.JUnitReportReporter -->
<testsuite hostname="DESKTOP-E81QD0I" failures="0" tests="1" name="TestCases.TC_014" time="110.980" errors="0" timestamp="2020-03-21T16:18:48 IST" skipped="0">
  <testcase classname="TestCases.TC_014" name="invalidurl" time="110.980"/>
  <system-out/>
</testsuite> <!-- TestCases.TC_014 -->
