<?xml version="1.0" encoding="UTF-8"?>
<!-- Generated by org.testng.reporters.JUnitReportReporter -->
<testsuite hostname="LAPTOP-V8UO4RAI" failures="0" tests="1" name="TestCases.TC_39" time="19.355" errors="0" timestamp="2020-03-25T00:57:31 IST" skipped="0">
  <testcase classname="TestCases.TC_39" name="tc37" time="19.355"/>
  <system-out/>
</testsuite> <!-- TestCases.TC_39 -->
