<?xml version="1.0" encoding="UTF-8"?>
<!-- Generated by org.testng.reporters.JUnitReportReporter -->
<testsuite hostname="DESKTOP-E81QD0I" failures="0" tests="1" name="TestCases.TC_019" time="37.626" errors="0" timestamp="2020-03-22T23:20:25 IST" skipped="0">
  <testcase classname="TestCases.TC_019" name="invalidurl" time="37.626"/>
  <system-out/>
</testsuite> <!-- TestCases.TC_019 -->
