<?xml version="1.0" encoding="UTF-8"?>
<!-- Generated by org.testng.reporters.JUnitReportReporter -->
<testsuite hostname="DESKTOP-E81QD0I" failures="0" tests="1" name="TestCases.TC_022" time="45.272" errors="0" timestamp="2020-03-22T23:55:05 IST" skipped="0">
  <testcase classname="TestCases.TC_022" name="invalidurl" time="45.272"/>
  <system-out/>
</testsuite> <!-- TestCases.TC_022 -->
