<?xml version="1.0" encoding="UTF-8"?>
<!-- Generated by org.testng.reporters.JUnitReportReporter -->
<testsuite hostname="LAPTOP-V8UO4RAI" failures="0" tests="1" name="TestCases.TC_33" time="46.691" errors="0" timestamp="2020-03-25T01:23:17 IST" skipped="0">
  <testcase classname="TestCases.TC_33" name="number31" time="46.691"/>
  <system-out/>
</testsuite> <!-- TestCases.TC_33 -->
