<?xml version="1.0" encoding="UTF-8"?>
<!-- Generated by org.testng.reporters.JUnitReportReporter -->
<testsuite hostname="DESKTOP-E81QD0I" failures="0" tests="1" name="TestCases.TC_015" time="42.185" errors="0" timestamp="2020-03-21T16:38:22 IST" skipped="0">
  <testcase classname="TestCases.TC_015" name="invalidurl" time="42.185"/>
  <system-out/>
</testsuite> <!-- TestCases.TC_015 -->
