<?xml version="1.0" encoding="UTF-8"?>
<!-- Generated by org.testng.reporters.JUnitReportReporter -->
<testsuite hostname="LAPTOP-V8UO4RAI" failures="0" tests="1" name="TestCases.TC_57" time="27.398" errors="0" timestamp="2020-03-24T23:03:17 IST" skipped="0">
  <testcase classname="TestCases.TC_57" name="tc57" time="27.398"/>
  <system-out/>
</testsuite> <!-- TestCases.TC_57 -->
