<?xml version="1.0" encoding="UTF-8"?>
<!-- Generated by org.testng.reporters.JUnitReportReporter -->
<testsuite hostname="DESKTOP-E81QD0I" failures="0" tests="1" name="TestCases.AddEmployee" time="51.794" errors="0" timestamp="2020-03-17T22:20:50 IST" skipped="0">
  <testcase classname="TestCases.AddEmployee" name="addEmployee" time="51.794"/>
  <system-out/>
</testsuite> <!-- TestCases.AddEmployee -->
