<?xml version="1.0" encoding="UTF-8"?>
<!-- Generated by org.testng.reporters.JUnitReportReporter -->
<testsuite hostname="LAPTOP-V8UO4RAI" failures="0" tests="1" name="TestCases.TC_34" time="46.385" errors="0" timestamp="2020-03-25T01:32:44 IST" skipped="0">
  <testcase classname="TestCases.TC_34" name="number34" time="46.385"/>
  <system-out/>
</testsuite> <!-- TestCases.TC_34 -->
