<?xml version="1.0" encoding="UTF-8"?>
<!-- Generated by org.testng.reporters.JUnitReportReporter -->
<testsuite hostname="LAPTOP-V8UO4RAI" failures="0" tests="1" name="TestCases.TC_046" time="37.518" errors="0" timestamp="2020-03-25T02:12:17 IST" skipped="0">
  <testcase classname="TestCases.TC_046" name="location" time="37.518"/>
  <system-out/>
</testsuite> <!-- TestCases.TC_046 -->
