<?xml version="1.0" encoding="UTF-8"?>
<!-- Generated by org.testng.reporters.JUnitReportReporter -->
<testsuite hostname="DESKTOP-E81QD0I" failures="0" tests="1" name="TestCases.TC_013" time="44.683" errors="0" timestamp="2020-03-23T15:31:05 IST" skipped="0">
  <testcase classname="TestCases.TC_013" name="invalidurl" time="44.683"/>
  <system-out/>
</testsuite> <!-- TestCases.TC_013 -->
