<?xml version="1.0" encoding="UTF-8"?>
<!-- Generated by org.testng.reporters.JUnitReportReporter -->
<testsuite hostname="LAPTOP-V8UO4RAI" failures="0" tests="1" name="TestCases.TC_35" time="40.606" errors="0" timestamp="2020-03-25T01:38:34 IST" skipped="0">
  <testcase classname="TestCases.TC_35" name="number35" time="40.606"/>
  <system-out/>
</testsuite> <!-- TestCases.TC_35 -->
