<?xml version="1.0" encoding="UTF-8"?>
<!-- Generated by org.testng.reporters.JUnitReportReporter -->
<testsuite hostname="DESKTOP-E81QD0I" failures="0" tests="1" name="TestCases.TC_023" time="33.275" errors="0" timestamp="2020-03-23T18:09:02 IST" skipped="0">
  <testcase classname="TestCases.TC_023" name="invalidurl" time="33.275"/>
  <system-out/>
</testsuite> <!-- TestCases.TC_023 -->
