<?xml version="1.0" encoding="UTF-8"?>
<!-- Generated by org.testng.reporters.JUnitReportReporter -->
<testsuite hostname="DESKTOP-E81QD0I" failures="0" tests="1" name="TestCases.TC_018" time="49.372" errors="0" timestamp="2020-03-22T22:50:19 IST" skipped="0">
  <testcase classname="TestCases.TC_018" name="invalidurl" time="49.372"/>
  <system-out/>
</testsuite> <!-- TestCases.TC_018 -->
