<?xml version="1.0" encoding="UTF-8"?>
<!-- Generated by org.testng.reporters.JUnitReportReporter -->
<testsuite hostname="LAPTOP-V8UO4RAI" failures="0" tests="1" name="TestCases.TC_028" time="12.825" errors="0" timestamp="2020-03-25T01:00:51 IST" skipped="0">
  <testcase classname="TestCases.TC_028" name="tc28" time="12.825"/>
  <system-out/>
</testsuite> <!-- TestCases.TC_028 -->
