<?xml version="1.0" encoding="UTF-8"?>
<!-- Generated by org.testng.reporters.JUnitReportReporter -->
<testsuite hostname="LAPTOP-V8UO4RAI" failures="0" tests="1" name="TestCases.TC_042" time="38.358" errors="0" timestamp="2020-03-25T01:54:58 IST" skipped="0">
  <testcase classname="TestCases.TC_042" name="number42" time="38.358"/>
  <system-out/>
</testsuite> <!-- TestCases.TC_042 -->
