<?xml version="1.0" encoding="UTF-8"?>
<!-- Generated by org.testng.reporters.JUnitReportReporter -->
<testsuite hostname="LAPTOP-V8UO4RAI" failures="0" tests="1" name="TestCases.TC_030" time="29.270" errors="0" timestamp="2020-03-25T01:44:45 IST" skipped="0">
  <testcase classname="TestCases.TC_030" name="tc30" time="29.270"/>
  <system-out/>
</testsuite> <!-- TestCases.TC_030 -->
