<?xml version="1.0" encoding="UTF-8"?>
<!-- Generated by org.testng.reporters.JUnitReportReporter -->
<testsuite hostname="DESKTOP-E81QD0I" failures="0" tests="1" name="TestCases.TC_021" time="47.700" errors="0" timestamp="2020-03-22T23:33:48 IST" skipped="0">
  <testcase classname="TestCases.TC_021" name="invalidurl" time="47.700"/>
  <system-out/>
</testsuite> <!-- TestCases.TC_021 -->
