<?xml version="1.0" encoding="UTF-8"?>
<!-- Generated by org.testng.reporters.JUnitReportReporter -->
<testsuite hostname="DESKTOP-E81QD0I" failures="0" tests="1" name="TestCases.TC_003" time="38.487" errors="0" timestamp="2020-03-20T16:17:48 IST" skipped="0">
  <testcase classname="TestCases.TC_003" name="invalidurl" time="38.487"/>
  <system-out/>
</testsuite> <!-- TestCases.TC_003 -->
