<?xml version="1.0" encoding="UTF-8"?>
<!-- Generated by org.testng.reporters.JUnitReportReporter -->
<testsuite hostname="DESKTOP-E81QD0I" failures="0" tests="1" name="TestCases.TC_029" time="18.422" errors="0" timestamp="2020-03-23T20:40:34 IST" skipped="0">
  <testcase classname="TestCases.TC_029" name="tc29" time="18.422"/>
  <system-out/>
</testsuite> <!-- TestCases.TC_029 -->
