<?xml version="1.0" encoding="UTF-8"?>
<!-- Generated by org.testng.reporters.JUnitReportReporter -->
<testsuite hostname="LAPTOP-V8UO4RAI" failures="0" tests="1" name="TestCases.AddLocation" time="36.429" errors="0" timestamp="2020-03-25T02:08:46 IST" skipped="0">
  <testcase classname="TestCases.AddLocation" name="location" time="36.429"/>
  <system-out/>
</testsuite> <!-- TestCases.AddLocation -->
