<?xml version="1.0" encoding="UTF-8"?>
<!-- Generated by org.testng.reporters.JUnitReportReporter -->
<testsuite hostname="DESKTOP-E81QD0I" failures="0" tests="1" name="TestCases.Register" time="41.531" errors="0" timestamp="2020-03-20T15:17:25 IST" skipped="0">
  <testcase classname="TestCases.Register" name="Registeruser" time="41.531"/>
  <system-out/>
</testsuite> <!-- TestCases.Register -->
