<?xml version="1.0" encoding="UTF-8"?>
<!-- Generated by org.testng.reporters.JUnitReportReporter -->
<testsuite hostname="DESKTOP-TOTD4LJ" failures="0" tests="1" name="TestCases.Login" time="41.367" errors="0" timestamp="2020-03-17T15:14:27 IST" skipped="0">
  <testcase classname="TestCases.Login" name="loginuser" time="41.367"/>
</testsuite> <!-- TestCases.Login -->
