<?xml version="1.0" encoding="UTF-8"?>
<!-- Generated by org.testng.reporters.JUnitReportReporter -->
<testsuite hostname="LAPTOP-V8UO4RAI" failures="0" tests="1" name="TestCases.TC_37" time="12.177" errors="0" timestamp="2020-03-25T00:53:20 IST" skipped="0">
  <testcase classname="TestCases.TC_37" name="tc37" time="12.177"/>
  <system-out/>
</testsuite> <!-- TestCases.TC_37 -->
