<?xml version="1.0" encoding="UTF-8"?>
<!-- Generated by org.testng.reporters.JUnitReportReporter -->
<testsuite hostname="LAPTOP-V8UO4RAI" failures="0" tests="1" name="TestCases.ContactSales" time="42.073" errors="0" timestamp="2020-03-25T01:04:16 IST" skipped="0">
  <testcase classname="TestCases.ContactSales" name="contact" time="42.073"/>
  <system-out/>
</testsuite> <!-- TestCases.ContactSales -->
