<?xml version="1.0" encoding="UTF-8"?>
<!-- Generated by org.testng.reporters.JUnitReportReporter -->
<testsuite hostname="DESKTOP-E81QD0I" failures="0" tests="1" name="TestCases.TC_005" time="39.204" errors="0" timestamp="2020-03-21T14:28:32 IST" skipped="0">
  <testcase classname="TestCases.TC_005" name="invalidurl" time="39.204"/>
  <system-out/>
</testsuite> <!-- TestCases.TC_005 -->
